<?xml version="1.0" encoding="UTF-8"?>
<testsuite name="org.bedu.java.backend.test.interviewer.InterviewerTest" tests="1" skipped="0" failures="0" errors="0" timestamp="2023-06-28T19:35:15" hostname="P211400MJ0ES0Q5" time="0.02">
  <properties/>
  <testcase name="Test fpr adding with hamcrest" classname="org.bedu.java.backend.test.interviewer.InterviewerTest" time="0.02"/>
  <system-out><![CDATA[]]></system-out>
  <system-err><![CDATA[]]></system-err>
</testsuite>
