<?xml version="1.0" encoding="UTF-8"?>
<testsuite name="org.bedu.java.backend.test.interviewer.InterviewerTest" tests="1" skipped="0" failures="0" errors="0" timestamp="2023-06-14T21:52:12" hostname="P211400MJ0ES0Q5" time="0.018">
  <properties/>
  <testcase name="Prueba por No existe email" classname="org.bedu.java.backend.test.interviewer.InterviewerTest" time="0.018"/>
  <system-out><![CDATA[]]></system-out>
  <system-err><![CDATA[]]></system-err>
</testsuite>
