<?xml version="1.0" encoding="UTF-8"?>
<testsuite name="org.bedu.java.backend.test.interviewer.InterviewerTest" tests="1" skipped="0" failures="0" errors="0" timestamp="2023-06-22T21:20:19" hostname="P211400MJ0ES0Q5" time="0.029">
  <properties/>
  <testcase name="Tes fpr adding with hamcrest" classname="org.bedu.java.backend.test.interviewer.InterviewerTest" time="0.029"/>
  <system-out><![CDATA[]]></system-out>
  <system-err><![CDATA[]]></system-err>
</testsuite>
